/home/shifei/Downloads/Isaac_sim_assets/moveit_des/install/mirobot_description/lib/python3.10/site-packages/mirobot_description/__init__.py
/home/shifei/Downloads/Isaac_sim_assets/moveit_des/install/mirobot_description/lib/python3.10/site-packages/mirobot_description/__pycache__/__init__.cpython-310.pyc
/home/shifei/Downloads/Isaac_sim_assets/moveit_des/install/mirobot_description/share/ament_index/resource_index/packages/mirobot_description
/home/shifei/Downloads/Isaac_sim_assets/moveit_des/install/mirobot_description/share/mirobot_description/package.xml
/home/shifei/Downloads/Isaac_sim_assets/moveit_des/install/mirobot_description/share/mirobot_description/urdf/mi_robot_arm.urdf
/home/shifei/Downloads/Isaac_sim_assets/moveit_des/install/mirobot_description/share/mirobot_description/urdf/arm.urdf
/home/shifei/Downloads/Isaac_sim_assets/moveit_des/install/mirobot_description/share/mirobot_description/meshes/RM75_6F/base_link.STL
/home/shifei/Downloads/Isaac_sim_assets/moveit_des/install/mirobot_description/share/mirobot_description/meshes/RM75_6F/Link7.STL
/home/shifei/Downloads/Isaac_sim_assets/moveit_des/install/mirobot_description/share/mirobot_description/meshes/RM75_6F/Link2.STL
/home/shifei/Downloads/Isaac_sim_assets/moveit_des/install/mirobot_description/share/mirobot_description/meshes/RM75_6F/Link4.STL
/home/shifei/Downloads/Isaac_sim_assets/moveit_des/install/mirobot_description/share/mirobot_description/meshes/RM75_6F/Link1.STL
/home/shifei/Downloads/Isaac_sim_assets/moveit_des/install/mirobot_description/share/mirobot_description/meshes/RM75_6F/Link6.STL
/home/shifei/Downloads/Isaac_sim_assets/moveit_des/install/mirobot_description/share/mirobot_description/meshes/RM75_6F/Link3.STL
/home/shifei/Downloads/Isaac_sim_assets/moveit_des/install/mirobot_description/share/mirobot_description/meshes/RM75_6F/Link5.STL
/home/shifei/Downloads/Isaac_sim_assets/moveit_des/install/mirobot_description/share/mirobot_description/meshes/DH_claw_v2/panda_hand.STL
/home/shifei/Downloads/Isaac_sim_assets/moveit_des/install/mirobot_description/share/mirobot_description/meshes/DH_claw_v2/panda_leftfinger.STL
/home/shifei/Downloads/Isaac_sim_assets/moveit_des/install/mirobot_description/share/mirobot_description/meshes/DH_claw_v2/panda_rightfinger.STL
/home/shifei/Downloads/Isaac_sim_assets/moveit_des/install/mirobot_description/lib/python3.10/site-packages/mirobot_description-0.0.0-py3.10.egg-info/PKG-INFO
/home/shifei/Downloads/Isaac_sim_assets/moveit_des/install/mirobot_description/lib/python3.10/site-packages/mirobot_description-0.0.0-py3.10.egg-info/requires.txt
/home/shifei/Downloads/Isaac_sim_assets/moveit_des/install/mirobot_description/lib/python3.10/site-packages/mirobot_description-0.0.0-py3.10.egg-info/zip-safe
/home/shifei/Downloads/Isaac_sim_assets/moveit_des/install/mirobot_description/lib/python3.10/site-packages/mirobot_description-0.0.0-py3.10.egg-info/entry_points.txt
/home/shifei/Downloads/Isaac_sim_assets/moveit_des/install/mirobot_description/lib/python3.10/site-packages/mirobot_description-0.0.0-py3.10.egg-info/dependency_links.txt
/home/shifei/Downloads/Isaac_sim_assets/moveit_des/install/mirobot_description/lib/python3.10/site-packages/mirobot_description-0.0.0-py3.10.egg-info/SOURCES.txt
/home/shifei/Downloads/Isaac_sim_assets/moveit_des/install/mirobot_description/lib/python3.10/site-packages/mirobot_description-0.0.0-py3.10.egg-info/top_level.txt
