[0.457s] Invoking command in '/home/shifei/Downloads/Isaac_sim_assets/moveit_des/src/my_mujoco_robot': PYTHONPATH=/home/shifei/Downloads/Isaac_sim_assets/moveit_des/build/my_mujoco_robot/prefix_override:/usr/lib/python3/dist-packages/colcon_core/task/python/colcon_distutils_commands:/home/shifei/Downloads/Isaac_sim_assets/moveit_des/install/my_mujoco_robot/lib/python3.10/site-packages:${PYTHONPATH} /usr/bin/python3 -W ignore:setup.py install is deprecated -W ignore:easy_install command is deprecated setup.py egg_info --egg-base ../../build/my_mujoco_robot build --build-base /home/shifei/Downloads/Isaac_sim_assets/moveit_des/build/my_mujoco_robot/build install --record /home/shifei/Downloads/Isaac_sim_assets/moveit_des/build/my_mujoco_robot/install.log --single-version-externally-managed install_data
[0.583s] running egg_info
[0.583s] creating ../../build/my_mujoco_robot/my_mujoco_robot.egg-info
[0.583s] writing ../../build/my_mujoco_robot/my_mujoco_robot.egg-info/PKG-INFO
[0.583s] writing dependency_links to ../../build/my_mujoco_robot/my_mujoco_robot.egg-info/dependency_links.txt
[0.583s] writing entry points to ../../build/my_mujoco_robot/my_mujoco_robot.egg-info/entry_points.txt
[0.583s] writing requirements to ../../build/my_mujoco_robot/my_mujoco_robot.egg-info/requires.txt
[0.583s] writing top-level names to ../../build/my_mujoco_robot/my_mujoco_robot.egg-info/top_level.txt
[0.583s] writing manifest file '../../build/my_mujoco_robot/my_mujoco_robot.egg-info/SOURCES.txt'
[0.584s] reading manifest file '../../build/my_mujoco_robot/my_mujoco_robot.egg-info/SOURCES.txt'
[0.584s] writing manifest file '../../build/my_mujoco_robot/my_mujoco_robot.egg-info/SOURCES.txt'
[0.584s] running build
[0.584s] running build_py
[0.585s] creating /home/shifei/Downloads/Isaac_sim_assets/moveit_des/build/my_mujoco_robot/build
[0.585s] creating /home/shifei/Downloads/Isaac_sim_assets/moveit_des/build/my_mujoco_robot/build/lib
[0.585s] creating /home/shifei/Downloads/Isaac_sim_assets/moveit_des/build/my_mujoco_robot/build/lib/my_mujoco_robot
[0.585s] copying my_mujoco_robot/main_simulation.py -> /home/shifei/Downloads/Isaac_sim_assets/moveit_des/build/my_mujoco_robot/build/lib/my_mujoco_robot
[0.585s] copying my_mujoco_robot/ros_publisher_init.py -> /home/shifei/Downloads/Isaac_sim_assets/moveit_des/build/my_mujoco_robot/build/lib/my_mujoco_robot
[0.585s] copying my_mujoco_robot/test.py -> /home/shifei/Downloads/Isaac_sim_assets/moveit_des/build/my_mujoco_robot/build/lib/my_mujoco_robot
[0.585s] copying my_mujoco_robot/__init__.py -> /home/shifei/Downloads/Isaac_sim_assets/moveit_des/build/my_mujoco_robot/build/lib/my_mujoco_robot
[0.585s] copying my_mujoco_robot/asset_init.py -> /home/shifei/Downloads/Isaac_sim_assets/moveit_des/build/my_mujoco_robot/build/lib/my_mujoco_robot
[0.585s] running install
[0.585s] running install_lib
[0.585s] creating /home/shifei/Downloads/Isaac_sim_assets/moveit_des/install/my_mujoco_robot/lib/python3.10/site-packages/my_mujoco_robot
[0.585s] copying /home/shifei/Downloads/Isaac_sim_assets/moveit_des/build/my_mujoco_robot/build/lib/my_mujoco_robot/main_simulation.py -> /home/shifei/Downloads/Isaac_sim_assets/moveit_des/install/my_mujoco_robot/lib/python3.10/site-packages/my_mujoco_robot
[0.585s] copying /home/shifei/Downloads/Isaac_sim_assets/moveit_des/build/my_mujoco_robot/build/lib/my_mujoco_robot/ros_publisher_init.py -> /home/shifei/Downloads/Isaac_sim_assets/moveit_des/install/my_mujoco_robot/lib/python3.10/site-packages/my_mujoco_robot
[0.586s] copying /home/shifei/Downloads/Isaac_sim_assets/moveit_des/build/my_mujoco_robot/build/lib/my_mujoco_robot/test.py -> /home/shifei/Downloads/Isaac_sim_assets/moveit_des/install/my_mujoco_robot/lib/python3.10/site-packages/my_mujoco_robot
[0.586s] copying /home/shifei/Downloads/Isaac_sim_assets/moveit_des/build/my_mujoco_robot/build/lib/my_mujoco_robot/__init__.py -> /home/shifei/Downloads/Isaac_sim_assets/moveit_des/install/my_mujoco_robot/lib/python3.10/site-packages/my_mujoco_robot
[0.586s] copying /home/shifei/Downloads/Isaac_sim_assets/moveit_des/build/my_mujoco_robot/build/lib/my_mujoco_robot/asset_init.py -> /home/shifei/Downloads/Isaac_sim_assets/moveit_des/install/my_mujoco_robot/lib/python3.10/site-packages/my_mujoco_robot
[0.586s] byte-compiling /home/shifei/Downloads/Isaac_sim_assets/moveit_des/install/my_mujoco_robot/lib/python3.10/site-packages/my_mujoco_robot/main_simulation.py to main_simulation.cpython-310.pyc
[0.586s] byte-compiling /home/shifei/Downloads/Isaac_sim_assets/moveit_des/install/my_mujoco_robot/lib/python3.10/site-packages/my_mujoco_robot/ros_publisher_init.py to ros_publisher_init.cpython-310.pyc
[0.586s] byte-compiling /home/shifei/Downloads/Isaac_sim_assets/moveit_des/install/my_mujoco_robot/lib/python3.10/site-packages/my_mujoco_robot/test.py to test.cpython-310.pyc
[0.586s] byte-compiling /home/shifei/Downloads/Isaac_sim_assets/moveit_des/install/my_mujoco_robot/lib/python3.10/site-packages/my_mujoco_robot/__init__.py to __init__.cpython-310.pyc
[0.586s] byte-compiling /home/shifei/Downloads/Isaac_sim_assets/moveit_des/install/my_mujoco_robot/lib/python3.10/site-packages/my_mujoco_robot/asset_init.py to asset_init.cpython-310.pyc
[0.587s] running install_data
[0.587s] creating /home/shifei/Downloads/Isaac_sim_assets/moveit_des/install/my_mujoco_robot/share/ament_index
[0.587s] creating /home/shifei/Downloads/Isaac_sim_assets/moveit_des/install/my_mujoco_robot/share/ament_index/resource_index
[0.587s] creating /home/shifei/Downloads/Isaac_sim_assets/moveit_des/install/my_mujoco_robot/share/ament_index/resource_index/packages
[0.587s] copying resource/my_mujoco_robot -> /home/shifei/Downloads/Isaac_sim_assets/moveit_des/install/my_mujoco_robot/share/ament_index/resource_index/packages
[0.587s] copying package.xml -> /home/shifei/Downloads/Isaac_sim_assets/moveit_des/install/my_mujoco_robot/share/my_mujoco_robot
[0.587s] running install_egg_info
[0.588s] Copying ../../build/my_mujoco_robot/my_mujoco_robot.egg-info to /home/shifei/Downloads/Isaac_sim_assets/moveit_des/install/my_mujoco_robot/lib/python3.10/site-packages/my_mujoco_robot-0.0.0-py3.10.egg-info
[0.589s] running install_scripts
[0.599s] writing list of installed files to '/home/shifei/Downloads/Isaac_sim_assets/moveit_des/build/my_mujoco_robot/install.log'
[0.613s] Invoked command in '/home/shifei/Downloads/Isaac_sim_assets/moveit_des/src/my_mujoco_robot' returned '0': PYTHONPATH=/home/shifei/Downloads/Isaac_sim_assets/moveit_des/build/my_mujoco_robot/prefix_override:/usr/lib/python3/dist-packages/colcon_core/task/python/colcon_distutils_commands:/home/shifei/Downloads/Isaac_sim_assets/moveit_des/install/my_mujoco_robot/lib/python3.10/site-packages:${PYTHONPATH} /usr/bin/python3 -W ignore:setup.py install is deprecated -W ignore:easy_install command is deprecated setup.py egg_info --egg-base ../../build/my_mujoco_robot build --build-base /home/shifei/Downloads/Isaac_sim_assets/moveit_des/build/my_mujoco_robot/build install --record /home/shifei/Downloads/Isaac_sim_assets/moveit_des/build/my_mujoco_robot/install.log --single-version-externally-managed install_data
