[0.009s] Invoking command in '/home/shifei/Downloads/Isaac_sim_assets/moveit_des/build/m92uw_moveit_config': CMAKE_PREFIX_PATH=/home/shifei/Downloads/Isaac_sim_assets/moveit_des/install/human_description:/home/shifei/Downloads/Isaac_sim_assets/moveit_des/install/mirobot:/home/shifei/Downloads/Isaac_sim_assets/moveit_des/install/m92uw_moveit_config:/home/shifei/Downloads/Isaac_sim_assets/moveit_des/install/m92u0_moveit_config:/home/shifei/Downloads/Isaac_sim_assets/moveit_des/install/my_mujoco_robot:/home/shifei/Downloads/Isaac_sim_assets/moveit_des/install/mirobot_description:/opt/ros/humble CONDA_PROMPT_MODIFIER=(mujoco) /usr/bin/cmake --build /home/shifei/Downloads/Isaac_sim_assets/moveit_des/build/m92uw_moveit_config -- -j24 -l24
[0.038s] Invoked command in '/home/shifei/Downloads/Isaac_sim_assets/moveit_des/build/m92uw_moveit_config' returned '0': CMAKE_PREFIX_PATH=/home/shifei/Downloads/Isaac_sim_assets/moveit_des/install/human_description:/home/shifei/Downloads/Isaac_sim_assets/moveit_des/install/mirobot:/home/shifei/Downloads/Isaac_sim_assets/moveit_des/install/m92uw_moveit_config:/home/shifei/Downloads/Isaac_sim_assets/moveit_des/install/m92u0_moveit_config:/home/shifei/Downloads/Isaac_sim_assets/moveit_des/install/my_mujoco_robot:/home/shifei/Downloads/Isaac_sim_assets/moveit_des/install/mirobot_description:/opt/ros/humble CONDA_PROMPT_MODIFIER=(mujoco) /usr/bin/cmake --build /home/shifei/Downloads/Isaac_sim_assets/moveit_des/build/m92uw_moveit_config -- -j24 -l24
[0.043s] Invoking command in '/home/shifei/Downloads/Isaac_sim_assets/moveit_des/build/m92uw_moveit_config': CMAKE_PREFIX_PATH=/home/shifei/Downloads/Isaac_sim_assets/moveit_des/install/human_description:/home/shifei/Downloads/Isaac_sim_assets/moveit_des/install/mirobot:/home/shifei/Downloads/Isaac_sim_assets/moveit_des/install/m92uw_moveit_config:/home/shifei/Downloads/Isaac_sim_assets/moveit_des/install/m92u0_moveit_config:/home/shifei/Downloads/Isaac_sim_assets/moveit_des/install/my_mujoco_robot:/home/shifei/Downloads/Isaac_sim_assets/moveit_des/install/mirobot_description:/opt/ros/humble CONDA_PROMPT_MODIFIER=(mujoco) /usr/bin/cmake --install /home/shifei/Downloads/Isaac_sim_assets/moveit_des/build/m92uw_moveit_config
[0.046s] -- Install configuration: ""
[0.046s] -- Up-to-date: /home/shifei/Downloads/Isaac_sim_assets/moveit_des/install/m92uw_moveit_config/share/ament_index/resource_index/package_run_dependencies/m92uw_moveit_config
[0.046s] -- Up-to-date: /home/shifei/Downloads/Isaac_sim_assets/moveit_des/install/m92uw_moveit_config/share/ament_index/resource_index/parent_prefix_path/m92uw_moveit_config
[0.046s] -- Up-to-date: /home/shifei/Downloads/Isaac_sim_assets/moveit_des/install/m92uw_moveit_config/share/m92uw_moveit_config/environment/ament_prefix_path.sh
[0.046s] -- Up-to-date: /home/shifei/Downloads/Isaac_sim_assets/moveit_des/install/m92uw_moveit_config/share/m92uw_moveit_config/environment/ament_prefix_path.dsv
[0.046s] -- Up-to-date: /home/shifei/Downloads/Isaac_sim_assets/moveit_des/install/m92uw_moveit_config/share/m92uw_moveit_config/environment/path.sh
[0.046s] -- Up-to-date: /home/shifei/Downloads/Isaac_sim_assets/moveit_des/install/m92uw_moveit_config/share/m92uw_moveit_config/environment/path.dsv
[0.046s] -- Up-to-date: /home/shifei/Downloads/Isaac_sim_assets/moveit_des/install/m92uw_moveit_config/share/m92uw_moveit_config/local_setup.bash
[0.046s] -- Up-to-date: /home/shifei/Downloads/Isaac_sim_assets/moveit_des/install/m92uw_moveit_config/share/m92uw_moveit_config/local_setup.sh
[0.046s] -- Up-to-date: /home/shifei/Downloads/Isaac_sim_assets/moveit_des/install/m92uw_moveit_config/share/m92uw_moveit_config/local_setup.zsh
[0.046s] -- Up-to-date: /home/shifei/Downloads/Isaac_sim_assets/moveit_des/install/m92uw_moveit_config/share/m92uw_moveit_config/local_setup.dsv
[0.046s] -- Up-to-date: /home/shifei/Downloads/Isaac_sim_assets/moveit_des/install/m92uw_moveit_config/share/m92uw_moveit_config/package.dsv
[0.046s] -- Up-to-date: /home/shifei/Downloads/Isaac_sim_assets/moveit_des/install/m92uw_moveit_config/share/ament_index/resource_index/packages/m92uw_moveit_config
[0.046s] -- Up-to-date: /home/shifei/Downloads/Isaac_sim_assets/moveit_des/install/m92uw_moveit_config/share/m92uw_moveit_config/cmake/m92uw_moveit_configConfig.cmake
[0.046s] -- Up-to-date: /home/shifei/Downloads/Isaac_sim_assets/moveit_des/install/m92uw_moveit_config/share/m92uw_moveit_config/cmake/m92uw_moveit_configConfig-version.cmake
[0.046s] -- Up-to-date: /home/shifei/Downloads/Isaac_sim_assets/moveit_des/install/m92uw_moveit_config/share/m92uw_moveit_config/package.xml
[0.046s] -- Up-to-date: /home/shifei/Downloads/Isaac_sim_assets/moveit_des/install/m92uw_moveit_config/share/m92uw_moveit_config/launch
[0.046s] -- Up-to-date: /home/shifei/Downloads/Isaac_sim_assets/moveit_des/install/m92uw_moveit_config/share/m92uw_moveit_config/launch/setup_assistant.launch.py
[0.047s] -- Up-to-date: /home/shifei/Downloads/Isaac_sim_assets/moveit_des/install/m92uw_moveit_config/share/m92uw_moveit_config/launch/demo.launch.py
[0.047s] -- Up-to-date: /home/shifei/Downloads/Isaac_sim_assets/moveit_des/install/m92uw_moveit_config/share/m92uw_moveit_config/launch/rsp.launch.py
[0.047s] -- Up-to-date: /home/shifei/Downloads/Isaac_sim_assets/moveit_des/install/m92uw_moveit_config/share/m92uw_moveit_config/launch/static_virtual_joint_tfs.launch.py
[0.047s] -- Up-to-date: /home/shifei/Downloads/Isaac_sim_assets/moveit_des/install/m92uw_moveit_config/share/m92uw_moveit_config/launch/spawn_controllers.launch.py
[0.047s] -- Up-to-date: /home/shifei/Downloads/Isaac_sim_assets/moveit_des/install/m92uw_moveit_config/share/m92uw_moveit_config/launch/warehouse_db.launch.py
[0.047s] -- Up-to-date: /home/shifei/Downloads/Isaac_sim_assets/moveit_des/install/m92uw_moveit_config/share/m92uw_moveit_config/launch/move_group.launch.py
[0.047s] -- Up-to-date: /home/shifei/Downloads/Isaac_sim_assets/moveit_des/install/m92uw_moveit_config/share/m92uw_moveit_config/launch/moveit_rviz.launch.py
[0.047s] -- Up-to-date: /home/shifei/Downloads/Isaac_sim_assets/moveit_des/install/m92uw_moveit_config/share/m92uw_moveit_config/config
[0.047s] -- Up-to-date: /home/shifei/Downloads/Isaac_sim_assets/moveit_des/install/m92uw_moveit_config/share/m92uw_moveit_config/config/sensors_3d.yaml
[0.047s] -- Up-to-date: /home/shifei/Downloads/Isaac_sim_assets/moveit_des/install/m92uw_moveit_config/share/m92uw_moveit_config/config/M92UW.urdf.xacro
[0.047s] -- Up-to-date: /home/shifei/Downloads/Isaac_sim_assets/moveit_des/install/m92uw_moveit_config/share/m92uw_moveit_config/config/ros2_controllers.yaml
[0.047s] -- Up-to-date: /home/shifei/Downloads/Isaac_sim_assets/moveit_des/install/m92uw_moveit_config/share/m92uw_moveit_config/config/kinematics.yaml
[0.047s] -- Up-to-date: /home/shifei/Downloads/Isaac_sim_assets/moveit_des/install/m92uw_moveit_config/share/m92uw_moveit_config/config/M92UW.ros2_control.xacro
[0.047s] -- Up-to-date: /home/shifei/Downloads/Isaac_sim_assets/moveit_des/install/m92uw_moveit_config/share/m92uw_moveit_config/config/pilz_cartesian_limits.yaml
[0.047s] -- Up-to-date: /home/shifei/Downloads/Isaac_sim_assets/moveit_des/install/m92uw_moveit_config/share/m92uw_moveit_config/config/moveit_controllers.yaml
[0.047s] -- Up-to-date: /home/shifei/Downloads/Isaac_sim_assets/moveit_des/install/m92uw_moveit_config/share/m92uw_moveit_config/config/initial_positions.yaml
[0.047s] -- Up-to-date: /home/shifei/Downloads/Isaac_sim_assets/moveit_des/install/m92uw_moveit_config/share/m92uw_moveit_config/config/M92UW.srdf
[0.047s] -- Up-to-date: /home/shifei/Downloads/Isaac_sim_assets/moveit_des/install/m92uw_moveit_config/share/m92uw_moveit_config/config/joint_limits.yaml
[0.047s] -- Up-to-date: /home/shifei/Downloads/Isaac_sim_assets/moveit_des/install/m92uw_moveit_config/share/m92uw_moveit_config/config/moveit.rviz
[0.047s] -- Up-to-date: /home/shifei/Downloads/Isaac_sim_assets/moveit_des/install/m92uw_moveit_config/share/m92uw_moveit_config/.setup_assistant
[0.052s] Invoked command in '/home/shifei/Downloads/Isaac_sim_assets/moveit_des/build/m92uw_moveit_config' returned '0': CMAKE_PREFIX_PATH=/home/shifei/Downloads/Isaac_sim_assets/moveit_des/install/human_description:/home/shifei/Downloads/Isaac_sim_assets/moveit_des/install/mirobot:/home/shifei/Downloads/Isaac_sim_assets/moveit_des/install/m92uw_moveit_config:/home/shifei/Downloads/Isaac_sim_assets/moveit_des/install/m92u0_moveit_config:/home/shifei/Downloads/Isaac_sim_assets/moveit_des/install/my_mujoco_robot:/home/shifei/Downloads/Isaac_sim_assets/moveit_des/install/mirobot_description:/opt/ros/humble CONDA_PROMPT_MODIFIER=(mujoco) /usr/bin/cmake --install /home/shifei/Downloads/Isaac_sim_assets/moveit_des/build/m92uw_moveit_config
