-- Install configuration: ""
-- Up-to-date: /home/shifei/Downloads/Isaac_sim_assets/moveit_des/install/mirobot/share/ament_index/resource_index/package_run_dependencies/mirobot
-- Up-to-date: /home/shifei/Downloads/Isaac_sim_assets/moveit_des/install/mirobot/share/ament_index/resource_index/parent_prefix_path/mirobot
-- Up-to-date: /home/shifei/Downloads/Isaac_sim_assets/moveit_des/install/mirobot/share/mirobot/environment/ament_prefix_path.sh
-- Up-to-date: /home/shifei/Downloads/Isaac_sim_assets/moveit_des/install/mirobot/share/mirobot/environment/ament_prefix_path.dsv
-- Up-to-date: /home/shifei/Downloads/Isaac_sim_assets/moveit_des/install/mirobot/share/mirobot/environment/path.sh
-- Up-to-date: /home/shifei/Downloads/Isaac_sim_assets/moveit_des/install/mirobot/share/mirobot/environment/path.dsv
-- Up-to-date: /home/shifei/Downloads/Isaac_sim_assets/moveit_des/install/mirobot/share/mirobot/local_setup.bash
-- Up-to-date: /home/shifei/Downloads/Isaac_sim_assets/moveit_des/install/mirobot/share/mirobot/local_setup.sh
-- Up-to-date: /home/shifei/Downloads/Isaac_sim_assets/moveit_des/install/mirobot/share/mirobot/local_setup.zsh
-- Up-to-date: /home/shifei/Downloads/Isaac_sim_assets/moveit_des/install/mirobot/share/mirobot/local_setup.dsv
-- Up-to-date: /home/shifei/Downloads/Isaac_sim_assets/moveit_des/install/mirobot/share/mirobot/package.dsv
-- Up-to-date: /home/shifei/Downloads/Isaac_sim_assets/moveit_des/install/mirobot/share/ament_index/resource_index/packages/mirobot
-- Up-to-date: /home/shifei/Downloads/Isaac_sim_assets/moveit_des/install/mirobot/share/mirobot/cmake/mirobotConfig.cmake
-- Up-to-date: /home/shifei/Downloads/Isaac_sim_assets/moveit_des/install/mirobot/share/mirobot/cmake/mirobotConfig-version.cmake
-- Up-to-date: /home/shifei/Downloads/Isaac_sim_assets/moveit_des/install/mirobot/share/mirobot/package.xml
-- Up-to-date: /home/shifei/Downloads/Isaac_sim_assets/moveit_des/install/mirobot/share/mirobot/launch
-- Up-to-date: /home/shifei/Downloads/Isaac_sim_assets/moveit_des/install/mirobot/share/mirobot/launch/setup_assistant.launch.py
-- Up-to-date: /home/shifei/Downloads/Isaac_sim_assets/moveit_des/install/mirobot/share/mirobot/launch/demo.launch.py
-- Up-to-date: /home/shifei/Downloads/Isaac_sim_assets/moveit_des/install/mirobot/share/mirobot/launch/rsp.launch.py
-- Up-to-date: /home/shifei/Downloads/Isaac_sim_assets/moveit_des/install/mirobot/share/mirobot/launch/ld.launch.py
-- Up-to-date: /home/shifei/Downloads/Isaac_sim_assets/moveit_des/install/mirobot/share/mirobot/launch/static_virtual_joint_tfs.launch.py
-- Up-to-date: /home/shifei/Downloads/Isaac_sim_assets/moveit_des/install/mirobot/share/mirobot/launch/spawn_controllers.launch.py
-- Up-to-date: /home/shifei/Downloads/Isaac_sim_assets/moveit_des/install/mirobot/share/mirobot/launch/warehouse_db.launch.py
-- Up-to-date: /home/shifei/Downloads/Isaac_sim_assets/moveit_des/install/mirobot/share/mirobot/launch/move_group.launch.py
-- Up-to-date: /home/shifei/Downloads/Isaac_sim_assets/moveit_des/install/mirobot/share/mirobot/launch/moveit_rviz.launch.py
-- Up-to-date: /home/shifei/Downloads/Isaac_sim_assets/moveit_des/install/mirobot/share/mirobot/config
-- Up-to-date: /home/shifei/Downloads/Isaac_sim_assets/moveit_des/install/mirobot/share/mirobot/config/sensors_3d.yaml
-- Up-to-date: /home/shifei/Downloads/Isaac_sim_assets/moveit_des/install/mirobot/share/mirobot/config/mi_robot_arm.srdf
-- Up-to-date: /home/shifei/Downloads/Isaac_sim_assets/moveit_des/install/mirobot/share/mirobot/config/ros2_controllers.yaml
-- Installing: /home/shifei/Downloads/Isaac_sim_assets/moveit_des/install/mirobot/share/mirobot/config/mi_robot_arm.ros2_control.xacro
-- Up-to-date: /home/shifei/Downloads/Isaac_sim_assets/moveit_des/install/mirobot/share/mirobot/config/kinematics.yaml
-- Up-to-date: /home/shifei/Downloads/Isaac_sim_assets/moveit_des/install/mirobot/share/mirobot/config/pilz_cartesian_limits.yaml
-- Up-to-date: /home/shifei/Downloads/Isaac_sim_assets/moveit_des/install/mirobot/share/mirobot/config/moveit_controllers.yaml
-- Up-to-date: /home/shifei/Downloads/Isaac_sim_assets/moveit_des/install/mirobot/share/mirobot/config/initial_positions.yaml
-- Up-to-date: /home/shifei/Downloads/Isaac_sim_assets/moveit_des/install/mirobot/share/mirobot/config/joint_limits.yaml
-- Up-to-date: /home/shifei/Downloads/Isaac_sim_assets/moveit_des/install/mirobot/share/mirobot/config/moveit.rviz
-- Up-to-date: /home/shifei/Downloads/Isaac_sim_assets/moveit_des/install/mirobot/share/mirobot/config/mi_robot_arm.urdf.xacro
-- Up-to-date: /home/shifei/Downloads/Isaac_sim_assets/moveit_des/install/mirobot/share/mirobot/.setup_assistant
