[0.005s] Invoking command in '/home/shifei/Downloads/Isaac_sim_assets/moveit_des/build/mirobot': AMENT_PREFIX_PATH=/home/shifei/Downloads/Isaac_sim_assets/moveit_des/install/mirobot_description:/home/shifei/Downloads/Isaac_sim_assets/moveit_des/install/my_mujoco_robot:/home/shifei/Downloads/Isaac_sim_assets/moveit_des/install/mirobot:/home/shifei/Downloads/Isaac_sim_assets/moveit_des/install/m92uw_moveit_config:/home/shifei/Downloads/Isaac_sim_assets/moveit_des/install/m92u0_moveit_config:/home/shifei/Downloads/Isaac_sim_assets/moveit_des/install/human_description:/opt/ros/humble CMAKE_PREFIX_PATH=${CMAKE_PREFIX_PATH}:/home/shifei/Downloads/Isaac_sim_assets/moveit_des/install/my_mujoco_robot:/home/shifei/Downloads/Isaac_sim_assets/moveit_des/install/mirobot_description:/opt/ros/humble CONDA_PROMPT_MODIFIER=(mujoco) PYTHONPATH=/home/shifei/Downloads/Isaac_sim_assets/moveit_des/install/mirobot_description/lib/python3.10/site-packages:/home/shifei/Downloads/Isaac_sim_assets/moveit_des/install/my_mujoco_robot/lib/python3.10/site-packages:/opt/ros/humble/lib/python3.10/site-packages:/opt/ros/humble/local/lib/python3.10/dist-packages /usr/bin/cmake --build /home/shifei/Downloads/Isaac_sim_assets/moveit_des/build/mirobot -- -j24 -l24
[0.032s] Invoked command in '/home/shifei/Downloads/Isaac_sim_assets/moveit_des/build/mirobot' returned '0': AMENT_PREFIX_PATH=/home/shifei/Downloads/Isaac_sim_assets/moveit_des/install/mirobot_description:/home/shifei/Downloads/Isaac_sim_assets/moveit_des/install/my_mujoco_robot:/home/shifei/Downloads/Isaac_sim_assets/moveit_des/install/mirobot:/home/shifei/Downloads/Isaac_sim_assets/moveit_des/install/m92uw_moveit_config:/home/shifei/Downloads/Isaac_sim_assets/moveit_des/install/m92u0_moveit_config:/home/shifei/Downloads/Isaac_sim_assets/moveit_des/install/human_description:/opt/ros/humble CMAKE_PREFIX_PATH=${CMAKE_PREFIX_PATH}:/home/shifei/Downloads/Isaac_sim_assets/moveit_des/install/my_mujoco_robot:/home/shifei/Downloads/Isaac_sim_assets/moveit_des/install/mirobot_description:/opt/ros/humble CONDA_PROMPT_MODIFIER=(mujoco) PYTHONPATH=/home/shifei/Downloads/Isaac_sim_assets/moveit_des/install/mirobot_description/lib/python3.10/site-packages:/home/shifei/Downloads/Isaac_sim_assets/moveit_des/install/my_mujoco_robot/lib/python3.10/site-packages:/opt/ros/humble/lib/python3.10/site-packages:/opt/ros/humble/local/lib/python3.10/dist-packages /usr/bin/cmake --build /home/shifei/Downloads/Isaac_sim_assets/moveit_des/build/mirobot -- -j24 -l24
[0.033s] Invoking command in '/home/shifei/Downloads/Isaac_sim_assets/moveit_des/build/mirobot': AMENT_PREFIX_PATH=/home/shifei/Downloads/Isaac_sim_assets/moveit_des/install/mirobot_description:/home/shifei/Downloads/Isaac_sim_assets/moveit_des/install/my_mujoco_robot:/home/shifei/Downloads/Isaac_sim_assets/moveit_des/install/mirobot:/home/shifei/Downloads/Isaac_sim_assets/moveit_des/install/m92uw_moveit_config:/home/shifei/Downloads/Isaac_sim_assets/moveit_des/install/m92u0_moveit_config:/home/shifei/Downloads/Isaac_sim_assets/moveit_des/install/human_description:/opt/ros/humble CMAKE_PREFIX_PATH=${CMAKE_PREFIX_PATH}:/home/shifei/Downloads/Isaac_sim_assets/moveit_des/install/my_mujoco_robot:/home/shifei/Downloads/Isaac_sim_assets/moveit_des/install/mirobot_description:/opt/ros/humble CONDA_PROMPT_MODIFIER=(mujoco) PYTHONPATH=/home/shifei/Downloads/Isaac_sim_assets/moveit_des/install/mirobot_description/lib/python3.10/site-packages:/home/shifei/Downloads/Isaac_sim_assets/moveit_des/install/my_mujoco_robot/lib/python3.10/site-packages:/opt/ros/humble/lib/python3.10/site-packages:/opt/ros/humble/local/lib/python3.10/dist-packages /usr/bin/cmake --install /home/shifei/Downloads/Isaac_sim_assets/moveit_des/build/mirobot
[0.037s] -- Install configuration: ""
[0.037s] -- Up-to-date: /home/shifei/Downloads/Isaac_sim_assets/moveit_des/install/mirobot/share/ament_index/resource_index/package_run_dependencies/mirobot
[0.037s] -- Up-to-date: /home/shifei/Downloads/Isaac_sim_assets/moveit_des/install/mirobot/share/ament_index/resource_index/parent_prefix_path/mirobot
[0.037s] -- Up-to-date: /home/shifei/Downloads/Isaac_sim_assets/moveit_des/install/mirobot/share/mirobot/environment/ament_prefix_path.sh
[0.037s] -- Up-to-date: /home/shifei/Downloads/Isaac_sim_assets/moveit_des/install/mirobot/share/mirobot/environment/ament_prefix_path.dsv
[0.037s] -- Up-to-date: /home/shifei/Downloads/Isaac_sim_assets/moveit_des/install/mirobot/share/mirobot/environment/path.sh
[0.037s] -- Up-to-date: /home/shifei/Downloads/Isaac_sim_assets/moveit_des/install/mirobot/share/mirobot/environment/path.dsv
[0.037s] -- Up-to-date: /home/shifei/Downloads/Isaac_sim_assets/moveit_des/install/mirobot/share/mirobot/local_setup.bash
[0.037s] -- Up-to-date: /home/shifei/Downloads/Isaac_sim_assets/moveit_des/install/mirobot/share/mirobot/local_setup.sh
[0.037s] -- Up-to-date: /home/shifei/Downloads/Isaac_sim_assets/moveit_des/install/mirobot/share/mirobot/local_setup.zsh
[0.037s] -- Up-to-date: /home/shifei/Downloads/Isaac_sim_assets/moveit_des/install/mirobot/share/mirobot/local_setup.dsv
[0.037s] -- Up-to-date: /home/shifei/Downloads/Isaac_sim_assets/moveit_des/install/mirobot/share/mirobot/package.dsv
[0.037s] -- Up-to-date: /home/shifei/Downloads/Isaac_sim_assets/moveit_des/install/mirobot/share/ament_index/resource_index/packages/mirobot
[0.037s] -- Up-to-date: /home/shifei/Downloads/Isaac_sim_assets/moveit_des/install/mirobot/share/mirobot/cmake/mirobotConfig.cmake
[0.037s] -- Up-to-date: /home/shifei/Downloads/Isaac_sim_assets/moveit_des/install/mirobot/share/mirobot/cmake/mirobotConfig-version.cmake
[0.037s] -- Up-to-date: /home/shifei/Downloads/Isaac_sim_assets/moveit_des/install/mirobot/share/mirobot/package.xml
[0.037s] -- Up-to-date: /home/shifei/Downloads/Isaac_sim_assets/moveit_des/install/mirobot/share/mirobot/launch
[0.037s] -- Up-to-date: /home/shifei/Downloads/Isaac_sim_assets/moveit_des/install/mirobot/share/mirobot/launch/setup_assistant.launch.py
[0.037s] -- Up-to-date: /home/shifei/Downloads/Isaac_sim_assets/moveit_des/install/mirobot/share/mirobot/launch/demo.launch.py
[0.037s] -- Up-to-date: /home/shifei/Downloads/Isaac_sim_assets/moveit_des/install/mirobot/share/mirobot/launch/rsp.launch.py
[0.037s] -- Up-to-date: /home/shifei/Downloads/Isaac_sim_assets/moveit_des/install/mirobot/share/mirobot/launch/ld.launch.py
[0.037s] -- Up-to-date: /home/shifei/Downloads/Isaac_sim_assets/moveit_des/install/mirobot/share/mirobot/launch/static_virtual_joint_tfs.launch.py
[0.037s] -- Up-to-date: /home/shifei/Downloads/Isaac_sim_assets/moveit_des/install/mirobot/share/mirobot/launch/spawn_controllers.launch.py
[0.037s] -- Up-to-date: /home/shifei/Downloads/Isaac_sim_assets/moveit_des/install/mirobot/share/mirobot/launch/warehouse_db.launch.py
[0.037s] -- Up-to-date: /home/shifei/Downloads/Isaac_sim_assets/moveit_des/install/mirobot/share/mirobot/launch/move_group.launch.py
[0.037s] -- Up-to-date: /home/shifei/Downloads/Isaac_sim_assets/moveit_des/install/mirobot/share/mirobot/launch/moveit_rviz.launch.py
[0.037s] -- Up-to-date: /home/shifei/Downloads/Isaac_sim_assets/moveit_des/install/mirobot/share/mirobot/config
[0.037s] -- Up-to-date: /home/shifei/Downloads/Isaac_sim_assets/moveit_des/install/mirobot/share/mirobot/config/sensors_3d.yaml
[0.037s] -- Up-to-date: /home/shifei/Downloads/Isaac_sim_assets/moveit_des/install/mirobot/share/mirobot/config/mi_robot_arm.srdf
[0.037s] -- Up-to-date: /home/shifei/Downloads/Isaac_sim_assets/moveit_des/install/mirobot/share/mirobot/config/ros2_controllers.yaml
[0.037s] -- Installing: /home/shifei/Downloads/Isaac_sim_assets/moveit_des/install/mirobot/share/mirobot/config/mi_robot_arm.ros2_control.xacro
[0.037s] -- Up-to-date: /home/shifei/Downloads/Isaac_sim_assets/moveit_des/install/mirobot/share/mirobot/config/kinematics.yaml
[0.037s] -- Up-to-date: /home/shifei/Downloads/Isaac_sim_assets/moveit_des/install/mirobot/share/mirobot/config/pilz_cartesian_limits.yaml
[0.037s] -- Up-to-date: /home/shifei/Downloads/Isaac_sim_assets/moveit_des/install/mirobot/share/mirobot/config/moveit_controllers.yaml
[0.038s] -- Up-to-date: /home/shifei/Downloads/Isaac_sim_assets/moveit_des/install/mirobot/share/mirobot/config/initial_positions.yaml
[0.038s] -- Up-to-date: /home/shifei/Downloads/Isaac_sim_assets/moveit_des/install/mirobot/share/mirobot/config/joint_limits.yaml
[0.038s] -- Up-to-date: /home/shifei/Downloads/Isaac_sim_assets/moveit_des/install/mirobot/share/mirobot/config/moveit.rviz
[0.038s] -- Up-to-date: /home/shifei/Downloads/Isaac_sim_assets/moveit_des/install/mirobot/share/mirobot/config/mi_robot_arm.urdf.xacro
[0.038s] -- Up-to-date: /home/shifei/Downloads/Isaac_sim_assets/moveit_des/install/mirobot/share/mirobot/.setup_assistant
[0.038s] Invoked command in '/home/shifei/Downloads/Isaac_sim_assets/moveit_des/build/mirobot' returned '0': AMENT_PREFIX_PATH=/home/shifei/Downloads/Isaac_sim_assets/moveit_des/install/mirobot_description:/home/shifei/Downloads/Isaac_sim_assets/moveit_des/install/my_mujoco_robot:/home/shifei/Downloads/Isaac_sim_assets/moveit_des/install/mirobot:/home/shifei/Downloads/Isaac_sim_assets/moveit_des/install/m92uw_moveit_config:/home/shifei/Downloads/Isaac_sim_assets/moveit_des/install/m92u0_moveit_config:/home/shifei/Downloads/Isaac_sim_assets/moveit_des/install/human_description:/opt/ros/humble CMAKE_PREFIX_PATH=${CMAKE_PREFIX_PATH}:/home/shifei/Downloads/Isaac_sim_assets/moveit_des/install/my_mujoco_robot:/home/shifei/Downloads/Isaac_sim_assets/moveit_des/install/mirobot_description:/opt/ros/humble CONDA_PROMPT_MODIFIER=(mujoco) PYTHONPATH=/home/shifei/Downloads/Isaac_sim_assets/moveit_des/install/mirobot_description/lib/python3.10/site-packages:/home/shifei/Downloads/Isaac_sim_assets/moveit_des/install/my_mujoco_robot/lib/python3.10/site-packages:/opt/ros/humble/lib/python3.10/site-packages:/opt/ros/humble/local/lib/python3.10/dist-packages /usr/bin/cmake --install /home/shifei/Downloads/Isaac_sim_assets/moveit_des/build/mirobot
