[0.006s] Invoking command in '/home/shifei/Downloads/Isaac_sim_assets/moveit_des/build/m92uw_moveit_config': AMENT_PREFIX_PATH=/home/shifei/Downloads/Isaac_sim_assets/moveit_des/install/human_description:${AMENT_PREFIX_PATH} CMAKE_PREFIX_PATH=/home/shifei/Downloads/Isaac_sim_assets/moveit_des/install/human_description:/opt/ros/humble /usr/bin/cmake /home/shifei/Downloads/Isaac_sim_assets/moveit_des/src/m92uw_moveit_config -DCMAKE_INSTALL_PREFIX=/home/shifei/Downloads/Isaac_sim_assets/moveit_des/install/m92uw_moveit_config
[0.043s] -- The C compiler identification is GNU 11.4.0
[0.075s] -- The CXX compiler identification is GNU 11.4.0
[0.081s] -- Detecting C compiler ABI info
[0.130s] -- Detecting C compiler ABI info - done
[0.136s] -- Check for working C compiler: /usr/bin/cc - skipped
[0.136s] -- Detecting C compile features
[0.136s] -- Detecting C compile features - done
[0.138s] -- Detecting CXX compiler ABI info
[0.186s] -- Detecting CXX compiler ABI info - done
[0.193s] -- Check for working CXX compiler: /usr/bin/c++ - skipped
[0.193s] -- Detecting CXX compile features
[0.193s] -- Detecting CXX compile features - done
[0.194s] -- Found ament_cmake: 1.3.11 (/opt/ros/humble/share/ament_cmake/cmake)
[0.275s] -- Found Python3: /usr/bin/python3 (found version "3.10.12") found components: Interpreter 
[0.357s] -- Configuring done
[0.358s] -- Generating done
[0.359s] -- Build files have been written to: /home/shifei/Downloads/Isaac_sim_assets/moveit_des/build/m92uw_moveit_config
[0.362s] Invoked command in '/home/shifei/Downloads/Isaac_sim_assets/moveit_des/build/m92uw_moveit_config' returned '0': AMENT_PREFIX_PATH=/home/shifei/Downloads/Isaac_sim_assets/moveit_des/install/human_description:${AMENT_PREFIX_PATH} CMAKE_PREFIX_PATH=/home/shifei/Downloads/Isaac_sim_assets/moveit_des/install/human_description:/opt/ros/humble /usr/bin/cmake /home/shifei/Downloads/Isaac_sim_assets/moveit_des/src/m92uw_moveit_config -DCMAKE_INSTALL_PREFIX=/home/shifei/Downloads/Isaac_sim_assets/moveit_des/install/m92uw_moveit_config
[0.363s] Invoking command in '/home/shifei/Downloads/Isaac_sim_assets/moveit_des/build/m92uw_moveit_config': AMENT_PREFIX_PATH=/home/shifei/Downloads/Isaac_sim_assets/moveit_des/install/human_description:${AMENT_PREFIX_PATH} CMAKE_PREFIX_PATH=/home/shifei/Downloads/Isaac_sim_assets/moveit_des/install/human_description:/opt/ros/humble /usr/bin/cmake --build /home/shifei/Downloads/Isaac_sim_assets/moveit_des/build/m92uw_moveit_config -- -j24 -l24
[0.386s] Invoked command in '/home/shifei/Downloads/Isaac_sim_assets/moveit_des/build/m92uw_moveit_config' returned '0': AMENT_PREFIX_PATH=/home/shifei/Downloads/Isaac_sim_assets/moveit_des/install/human_description:${AMENT_PREFIX_PATH} CMAKE_PREFIX_PATH=/home/shifei/Downloads/Isaac_sim_assets/moveit_des/install/human_description:/opt/ros/humble /usr/bin/cmake --build /home/shifei/Downloads/Isaac_sim_assets/moveit_des/build/m92uw_moveit_config -- -j24 -l24
[0.387s] Invoking command in '/home/shifei/Downloads/Isaac_sim_assets/moveit_des/build/m92uw_moveit_config': AMENT_PREFIX_PATH=/home/shifei/Downloads/Isaac_sim_assets/moveit_des/install/human_description:${AMENT_PREFIX_PATH} CMAKE_PREFIX_PATH=/home/shifei/Downloads/Isaac_sim_assets/moveit_des/install/human_description:/opt/ros/humble /usr/bin/cmake --install /home/shifei/Downloads/Isaac_sim_assets/moveit_des/build/m92uw_moveit_config
[0.390s] -- Install configuration: ""
[0.390s] -- Installing: /home/shifei/Downloads/Isaac_sim_assets/moveit_des/install/m92uw_moveit_config/share/ament_index/resource_index/package_run_dependencies/m92uw_moveit_config
[0.391s] -- Installing: /home/shifei/Downloads/Isaac_sim_assets/moveit_des/install/m92uw_moveit_config/share/ament_index/resource_index/parent_prefix_path/m92uw_moveit_config
[0.391s] -- Installing: /home/shifei/Downloads/Isaac_sim_assets/moveit_des/install/m92uw_moveit_config/share/m92uw_moveit_config/environment/ament_prefix_path.sh
[0.391s] -- Installing: /home/shifei/Downloads/Isaac_sim_assets/moveit_des/install/m92uw_moveit_config/share/m92uw_moveit_config/environment/ament_prefix_path.dsv
[0.391s] -- Installing: /home/shifei/Downloads/Isaac_sim_assets/moveit_des/install/m92uw_moveit_config/share/m92uw_moveit_config/environment/path.sh
[0.391s] -- Installing: /home/shifei/Downloads/Isaac_sim_assets/moveit_des/install/m92uw_moveit_config/share/m92uw_moveit_config/environment/path.dsv
[0.391s] -- Installing: /home/shifei/Downloads/Isaac_sim_assets/moveit_des/install/m92uw_moveit_config/share/m92uw_moveit_config/local_setup.bash
[0.391s] -- Installing: /home/shifei/Downloads/Isaac_sim_assets/moveit_des/install/m92uw_moveit_config/share/m92uw_moveit_config/local_setup.sh
[0.391s] -- Installing: /home/shifei/Downloads/Isaac_sim_assets/moveit_des/install/m92uw_moveit_config/share/m92uw_moveit_config/local_setup.zsh
[0.391s] -- Installing: /home/shifei/Downloads/Isaac_sim_assets/moveit_des/install/m92uw_moveit_config/share/m92uw_moveit_config/local_setup.dsv
[0.391s] -- Installing: /home/shifei/Downloads/Isaac_sim_assets/moveit_des/install/m92uw_moveit_config/share/m92uw_moveit_config/package.dsv
[0.391s] -- Installing: /home/shifei/Downloads/Isaac_sim_assets/moveit_des/install/m92uw_moveit_config/share/ament_index/resource_index/packages/m92uw_moveit_config
[0.391s] -- Installing: /home/shifei/Downloads/Isaac_sim_assets/moveit_des/install/m92uw_moveit_config/share/m92uw_moveit_config/cmake/m92uw_moveit_configConfig.cmake
[0.391s] -- Installing: /home/shifei/Downloads/Isaac_sim_assets/moveit_des/install/m92uw_moveit_config/share/m92uw_moveit_config/cmake/m92uw_moveit_configConfig-version.cmake
[0.391s] -- Installing: /home/shifei/Downloads/Isaac_sim_assets/moveit_des/install/m92uw_moveit_config/share/m92uw_moveit_config/package.xml
[0.391s] -- Installing: /home/shifei/Downloads/Isaac_sim_assets/moveit_des/install/m92uw_moveit_config/share/m92uw_moveit_config/launch
[0.391s] -- Installing: /home/shifei/Downloads/Isaac_sim_assets/moveit_des/install/m92uw_moveit_config/share/m92uw_moveit_config/launch/setup_assistant.launch.py
[0.391s] -- Installing: /home/shifei/Downloads/Isaac_sim_assets/moveit_des/install/m92uw_moveit_config/share/m92uw_moveit_config/launch/demo.launch.py
[0.391s] -- Installing: /home/shifei/Downloads/Isaac_sim_assets/moveit_des/install/m92uw_moveit_config/share/m92uw_moveit_config/launch/rsp.launch.py
[0.391s] -- Installing: /home/shifei/Downloads/Isaac_sim_assets/moveit_des/install/m92uw_moveit_config/share/m92uw_moveit_config/launch/static_virtual_joint_tfs.launch.py
[0.391s] -- Installing: /home/shifei/Downloads/Isaac_sim_assets/moveit_des/install/m92uw_moveit_config/share/m92uw_moveit_config/launch/spawn_controllers.launch.py
[0.391s] -- Installing: /home/shifei/Downloads/Isaac_sim_assets/moveit_des/install/m92uw_moveit_config/share/m92uw_moveit_config/launch/warehouse_db.launch.py
[0.391s] -- Installing: /home/shifei/Downloads/Isaac_sim_assets/moveit_des/install/m92uw_moveit_config/share/m92uw_moveit_config/launch/move_group.launch.py
[0.391s] -- Installing: /home/shifei/Downloads/Isaac_sim_assets/moveit_des/install/m92uw_moveit_config/share/m92uw_moveit_config/launch/moveit_rviz.launch.py
[0.392s] -- Installing: /home/shifei/Downloads/Isaac_sim_assets/moveit_des/install/m92uw_moveit_config/share/m92uw_moveit_config/config
[0.392s] -- Installing: /home/shifei/Downloads/Isaac_sim_assets/moveit_des/install/m92uw_moveit_config/share/m92uw_moveit_config/config/sensors_3d.yaml
[0.392s] -- Installing: /home/shifei/Downloads/Isaac_sim_assets/moveit_des/install/m92uw_moveit_config/share/m92uw_moveit_config/config/M92UW.urdf.xacro
[0.392s] -- Installing: /home/shifei/Downloads/Isaac_sim_assets/moveit_des/install/m92uw_moveit_config/share/m92uw_moveit_config/config/ros2_controllers.yaml
[0.392s] -- Installing: /home/shifei/Downloads/Isaac_sim_assets/moveit_des/install/m92uw_moveit_config/share/m92uw_moveit_config/config/kinematics.yaml
[0.392s] -- Installing: /home/shifei/Downloads/Isaac_sim_assets/moveit_des/install/m92uw_moveit_config/share/m92uw_moveit_config/config/M92UW.ros2_control.xacro
[0.392s] -- Installing: /home/shifei/Downloads/Isaac_sim_assets/moveit_des/install/m92uw_moveit_config/share/m92uw_moveit_config/config/pilz_cartesian_limits.yaml
[0.392s] -- Installing: /home/shifei/Downloads/Isaac_sim_assets/moveit_des/install/m92uw_moveit_config/share/m92uw_moveit_config/config/moveit_controllers.yaml
[0.392s] -- Installing: /home/shifei/Downloads/Isaac_sim_assets/moveit_des/install/m92uw_moveit_config/share/m92uw_moveit_config/config/initial_positions.yaml
[0.392s] -- Installing: /home/shifei/Downloads/Isaac_sim_assets/moveit_des/install/m92uw_moveit_config/share/m92uw_moveit_config/config/M92UW.srdf
[0.392s] -- Installing: /home/shifei/Downloads/Isaac_sim_assets/moveit_des/install/m92uw_moveit_config/share/m92uw_moveit_config/config/joint_limits.yaml
[0.392s] -- Installing: /home/shifei/Downloads/Isaac_sim_assets/moveit_des/install/m92uw_moveit_config/share/m92uw_moveit_config/config/moveit.rviz
[0.392s] -- Installing: /home/shifei/Downloads/Isaac_sim_assets/moveit_des/install/m92uw_moveit_config/share/m92uw_moveit_config/.setup_assistant
[0.399s] Invoked command in '/home/shifei/Downloads/Isaac_sim_assets/moveit_des/build/m92uw_moveit_config' returned '0': AMENT_PREFIX_PATH=/home/shifei/Downloads/Isaac_sim_assets/moveit_des/install/human_description:${AMENT_PREFIX_PATH} CMAKE_PREFIX_PATH=/home/shifei/Downloads/Isaac_sim_assets/moveit_des/install/human_description:/opt/ros/humble /usr/bin/cmake --install /home/shifei/Downloads/Isaac_sim_assets/moveit_des/build/m92uw_moveit_config
