[0.497s] Invoking command in '/home/shifei/Downloads/Isaac_sim_assets/moveit_des/src/mirobot_description': CONDA_PROMPT_MODIFIER=(mujoco) PYTHONPATH=/home/shifei/Downloads/Isaac_sim_assets/moveit_des/build/mirobot_description/prefix_override:/usr/lib/python3/dist-packages/colcon_core/task/python/colcon_distutils_commands:/home/shifei/Downloads/Isaac_sim_assets/moveit_des/install/mirobot_description/lib/python3.10/site-packages:${PYTHONPATH} /usr/bin/python3 -W ignore:setup.py install is deprecated -W ignore:easy_install command is deprecated setup.py egg_info --egg-base ../../build/mirobot_description build --build-base /home/shifei/Downloads/Isaac_sim_assets/moveit_des/build/mirobot_description/build install --record /home/shifei/Downloads/Isaac_sim_assets/moveit_des/build/mirobot_description/install.log --single-version-externally-managed install_data
[0.621s] running egg_info
[0.622s] writing ../../build/mirobot_description/mirobot_description.egg-info/PKG-INFO
[0.622s] writing dependency_links to ../../build/mirobot_description/mirobot_description.egg-info/dependency_links.txt
[0.622s] writing entry points to ../../build/mirobot_description/mirobot_description.egg-info/entry_points.txt
[0.622s] writing requirements to ../../build/mirobot_description/mirobot_description.egg-info/requires.txt
[0.622s] writing top-level names to ../../build/mirobot_description/mirobot_description.egg-info/top_level.txt
[0.623s] reading manifest file '../../build/mirobot_description/mirobot_description.egg-info/SOURCES.txt'
[0.624s] writing manifest file '../../build/mirobot_description/mirobot_description.egg-info/SOURCES.txt'
[0.624s] running build
[0.624s] running build_py
[0.624s] running install
[0.624s] running install_lib
[0.624s] running install_data
[0.625s] running install_egg_info
[0.626s] removing '/home/shifei/Downloads/Isaac_sim_assets/moveit_des/install/mirobot_description/lib/python3.10/site-packages/mirobot_description-0.0.0-py3.10.egg-info' (and everything under it)
[0.626s] Copying ../../build/mirobot_description/mirobot_description.egg-info to /home/shifei/Downloads/Isaac_sim_assets/moveit_des/install/mirobot_description/lib/python3.10/site-packages/mirobot_description-0.0.0-py3.10.egg-info
[0.626s] running install_scripts
[0.638s] writing list of installed files to '/home/shifei/Downloads/Isaac_sim_assets/moveit_des/build/mirobot_description/install.log'
[0.656s] Invoked command in '/home/shifei/Downloads/Isaac_sim_assets/moveit_des/src/mirobot_description' returned '0': CONDA_PROMPT_MODIFIER=(mujoco) PYTHONPATH=/home/shifei/Downloads/Isaac_sim_assets/moveit_des/build/mirobot_description/prefix_override:/usr/lib/python3/dist-packages/colcon_core/task/python/colcon_distutils_commands:/home/shifei/Downloads/Isaac_sim_assets/moveit_des/install/mirobot_description/lib/python3.10/site-packages:${PYTHONPATH} /usr/bin/python3 -W ignore:setup.py install is deprecated -W ignore:easy_install command is deprecated setup.py egg_info --egg-base ../../build/mirobot_description build --build-base /home/shifei/Downloads/Isaac_sim_assets/moveit_des/build/mirobot_description/build install --record /home/shifei/Downloads/Isaac_sim_assets/moveit_des/build/mirobot_description/install.log --single-version-externally-managed install_data
