[0.006s] Invoking command in '/home/shifei/Downloads/Isaac_sim_assets/moveit_des/build/mirobot': AMENT_PREFIX_PATH=/home/shifei/Downloads/Isaac_sim_assets/moveit_des/install/mirobot_description:${AMENT_PREFIX_PATH} CMAKE_PREFIX_PATH=/opt/ros/humble PYTHONPATH=/home/shifei/Downloads/Isaac_sim_assets/moveit_des/install/mirobot_description/lib/python3.10/site-packages:${PYTHONPATH} /usr/bin/cmake /home/shifei/Downloads/Isaac_sim_assets/moveit_des/src/mirobot -DCMAKE_INSTALL_PREFIX=/home/shifei/Downloads/Isaac_sim_assets/moveit_des/install/mirobot
[0.041s] -- The C compiler identification is GNU 11.4.0
[0.071s] -- The CXX compiler identification is GNU 11.4.0
[0.075s] -- Detecting C compiler ABI info
[0.119s] -- Detecting C compiler ABI info - done
[0.124s] -- Check for working C compiler: /usr/bin/cc - skipped
[0.124s] -- Detecting C compile features
[0.125s] -- Detecting C compile features - done
[0.126s] -- Detecting CXX compiler ABI info
[0.172s] -- Detecting CXX compiler ABI info - done
[0.176s] -- Check for working CXX compiler: /usr/bin/c++ - skipped
[0.176s] -- Detecting CXX compile features
[0.176s] -- Detecting CXX compile features - done
[0.177s] -- Found ament_cmake: 1.3.11 (/opt/ros/humble/share/ament_cmake/cmake)
[0.266s] -- Found Python3: /usr/bin/python3 (found version "3.10.12") found components: Interpreter 
[0.354s] -- Configuring done
[0.355s] -- Generating done
[0.356s] -- Build files have been written to: /home/shifei/Downloads/Isaac_sim_assets/moveit_des/build/mirobot
[0.358s] Invoked command in '/home/shifei/Downloads/Isaac_sim_assets/moveit_des/build/mirobot' returned '0': AMENT_PREFIX_PATH=/home/shifei/Downloads/Isaac_sim_assets/moveit_des/install/mirobot_description:${AMENT_PREFIX_PATH} CMAKE_PREFIX_PATH=/opt/ros/humble PYTHONPATH=/home/shifei/Downloads/Isaac_sim_assets/moveit_des/install/mirobot_description/lib/python3.10/site-packages:${PYTHONPATH} /usr/bin/cmake /home/shifei/Downloads/Isaac_sim_assets/moveit_des/src/mirobot -DCMAKE_INSTALL_PREFIX=/home/shifei/Downloads/Isaac_sim_assets/moveit_des/install/mirobot
[0.359s] Invoking command in '/home/shifei/Downloads/Isaac_sim_assets/moveit_des/build/mirobot': AMENT_PREFIX_PATH=/home/shifei/Downloads/Isaac_sim_assets/moveit_des/install/mirobot_description:${AMENT_PREFIX_PATH} CMAKE_PREFIX_PATH=/opt/ros/humble PYTHONPATH=/home/shifei/Downloads/Isaac_sim_assets/moveit_des/install/mirobot_description/lib/python3.10/site-packages:${PYTHONPATH} /usr/bin/cmake --build /home/shifei/Downloads/Isaac_sim_assets/moveit_des/build/mirobot -- -j24 -l24
[0.383s] Invoked command in '/home/shifei/Downloads/Isaac_sim_assets/moveit_des/build/mirobot' returned '0': AMENT_PREFIX_PATH=/home/shifei/Downloads/Isaac_sim_assets/moveit_des/install/mirobot_description:${AMENT_PREFIX_PATH} CMAKE_PREFIX_PATH=/opt/ros/humble PYTHONPATH=/home/shifei/Downloads/Isaac_sim_assets/moveit_des/install/mirobot_description/lib/python3.10/site-packages:${PYTHONPATH} /usr/bin/cmake --build /home/shifei/Downloads/Isaac_sim_assets/moveit_des/build/mirobot -- -j24 -l24
[0.384s] Invoking command in '/home/shifei/Downloads/Isaac_sim_assets/moveit_des/build/mirobot': AMENT_PREFIX_PATH=/home/shifei/Downloads/Isaac_sim_assets/moveit_des/install/mirobot_description:${AMENT_PREFIX_PATH} CMAKE_PREFIX_PATH=/opt/ros/humble PYTHONPATH=/home/shifei/Downloads/Isaac_sim_assets/moveit_des/install/mirobot_description/lib/python3.10/site-packages:${PYTHONPATH} /usr/bin/cmake --install /home/shifei/Downloads/Isaac_sim_assets/moveit_des/build/mirobot
[0.387s] -- Install configuration: ""
[0.388s] -- Installing: /home/shifei/Downloads/Isaac_sim_assets/moveit_des/install/mirobot/share/ament_index/resource_index/package_run_dependencies/mirobot
[0.388s] -- Installing: /home/shifei/Downloads/Isaac_sim_assets/moveit_des/install/mirobot/share/ament_index/resource_index/parent_prefix_path/mirobot
[0.388s] -- Installing: /home/shifei/Downloads/Isaac_sim_assets/moveit_des/install/mirobot/share/mirobot/environment/ament_prefix_path.sh
[0.388s] -- Installing: /home/shifei/Downloads/Isaac_sim_assets/moveit_des/install/mirobot/share/mirobot/environment/ament_prefix_path.dsv
[0.388s] -- Installing: /home/shifei/Downloads/Isaac_sim_assets/moveit_des/install/mirobot/share/mirobot/environment/path.sh
[0.388s] -- Installing: /home/shifei/Downloads/Isaac_sim_assets/moveit_des/install/mirobot/share/mirobot/environment/path.dsv
[0.388s] -- Installing: /home/shifei/Downloads/Isaac_sim_assets/moveit_des/install/mirobot/share/mirobot/local_setup.bash
[0.388s] -- Installing: /home/shifei/Downloads/Isaac_sim_assets/moveit_des/install/mirobot/share/mirobot/local_setup.sh
[0.388s] -- Installing: /home/shifei/Downloads/Isaac_sim_assets/moveit_des/install/mirobot/share/mirobot/local_setup.zsh
[0.388s] -- Installing: /home/shifei/Downloads/Isaac_sim_assets/moveit_des/install/mirobot/share/mirobot/local_setup.dsv
[0.388s] -- Installing: /home/shifei/Downloads/Isaac_sim_assets/moveit_des/install/mirobot/share/mirobot/package.dsv
[0.388s] -- Installing: /home/shifei/Downloads/Isaac_sim_assets/moveit_des/install/mirobot/share/ament_index/resource_index/packages/mirobot
[0.388s] -- Installing: /home/shifei/Downloads/Isaac_sim_assets/moveit_des/install/mirobot/share/mirobot/cmake/mirobotConfig.cmake
[0.388s] -- Installing: /home/shifei/Downloads/Isaac_sim_assets/moveit_des/install/mirobot/share/mirobot/cmake/mirobotConfig-version.cmake
[0.388s] -- Installing: /home/shifei/Downloads/Isaac_sim_assets/moveit_des/install/mirobot/share/mirobot/package.xml
[0.388s] -- Installing: /home/shifei/Downloads/Isaac_sim_assets/moveit_des/install/mirobot/share/mirobot/launch
[0.388s] -- Installing: /home/shifei/Downloads/Isaac_sim_assets/moveit_des/install/mirobot/share/mirobot/launch/setup_assistant.launch.py
[0.388s] -- Installing: /home/shifei/Downloads/Isaac_sim_assets/moveit_des/install/mirobot/share/mirobot/launch/demo.launch.py
[0.388s] -- Installing: /home/shifei/Downloads/Isaac_sim_assets/moveit_des/install/mirobot/share/mirobot/launch/rsp.launch.py
[0.388s] -- Installing: /home/shifei/Downloads/Isaac_sim_assets/moveit_des/install/mirobot/share/mirobot/launch/ld.launch.py
[0.388s] -- Installing: /home/shifei/Downloads/Isaac_sim_assets/moveit_des/install/mirobot/share/mirobot/launch/static_virtual_joint_tfs.launch.py
[0.388s] -- Installing: /home/shifei/Downloads/Isaac_sim_assets/moveit_des/install/mirobot/share/mirobot/launch/spawn_controllers.launch.py
[0.388s] -- Installing: /home/shifei/Downloads/Isaac_sim_assets/moveit_des/install/mirobot/share/mirobot/launch/warehouse_db.launch.py
[0.389s] -- Installing: /home/shifei/Downloads/Isaac_sim_assets/moveit_des/install/mirobot/share/mirobot/launch/move_group.launch.py
[0.389s] -- Installing: /home/shifei/Downloads/Isaac_sim_assets/moveit_des/install/mirobot/share/mirobot/launch/moveit_rviz.launch.py
[0.389s] -- Installing: /home/shifei/Downloads/Isaac_sim_assets/moveit_des/install/mirobot/share/mirobot/config
[0.389s] -- Installing: /home/shifei/Downloads/Isaac_sim_assets/moveit_des/install/mirobot/share/mirobot/config/sensors_3d.yaml
[0.389s] -- Installing: /home/shifei/Downloads/Isaac_sim_assets/moveit_des/install/mirobot/share/mirobot/config/mi_robot_arm.srdf
[0.389s] -- Installing: /home/shifei/Downloads/Isaac_sim_assets/moveit_des/install/mirobot/share/mirobot/config/ros2_controllers.yaml
[0.389s] -- Installing: /home/shifei/Downloads/Isaac_sim_assets/moveit_des/install/mirobot/share/mirobot/config/mi_robot_arm.ros2_control.xacro
[0.389s] -- Installing: /home/shifei/Downloads/Isaac_sim_assets/moveit_des/install/mirobot/share/mirobot/config/kinematics.yaml
[0.389s] -- Installing: /home/shifei/Downloads/Isaac_sim_assets/moveit_des/install/mirobot/share/mirobot/config/pilz_cartesian_limits.yaml
[0.389s] -- Installing: /home/shifei/Downloads/Isaac_sim_assets/moveit_des/install/mirobot/share/mirobot/config/moveit_controllers.yaml
[0.389s] -- Installing: /home/shifei/Downloads/Isaac_sim_assets/moveit_des/install/mirobot/share/mirobot/config/initial_positions.yaml
[0.389s] -- Installing: /home/shifei/Downloads/Isaac_sim_assets/moveit_des/install/mirobot/share/mirobot/config/joint_limits.yaml
[0.389s] -- Installing: /home/shifei/Downloads/Isaac_sim_assets/moveit_des/install/mirobot/share/mirobot/config/moveit.rviz
[0.389s] -- Installing: /home/shifei/Downloads/Isaac_sim_assets/moveit_des/install/mirobot/share/mirobot/config/mi_robot_arm.urdf.xacro
[0.389s] -- Installing: /home/shifei/Downloads/Isaac_sim_assets/moveit_des/install/mirobot/share/mirobot/.setup_assistant
[0.391s] Invoked command in '/home/shifei/Downloads/Isaac_sim_assets/moveit_des/build/mirobot' returned '0': AMENT_PREFIX_PATH=/home/shifei/Downloads/Isaac_sim_assets/moveit_des/install/mirobot_description:${AMENT_PREFIX_PATH} CMAKE_PREFIX_PATH=/opt/ros/humble PYTHONPATH=/home/shifei/Downloads/Isaac_sim_assets/moveit_des/install/mirobot_description/lib/python3.10/site-packages:${PYTHONPATH} /usr/bin/cmake --install /home/shifei/Downloads/Isaac_sim_assets/moveit_des/build/mirobot
