running egg_info
writing ../../build/my_mujoco_robot/my_mujoco_robot.egg-info/PKG-INFO
writing dependency_links to ../../build/my_mujoco_robot/my_mujoco_robot.egg-info/dependency_links.txt
writing entry points to ../../build/my_mujoco_robot/my_mujoco_robot.egg-info/entry_points.txt
writing requirements to ../../build/my_mujoco_robot/my_mujoco_robot.egg-info/requires.txt
writing top-level names to ../../build/my_mujoco_robot/my_mujoco_robot.egg-info/top_level.txt
reading manifest file '../../build/my_mujoco_robot/my_mujoco_robot.egg-info/SOURCES.txt'
writing manifest file '../../build/my_mujoco_robot/my_mujoco_robot.egg-info/SOURCES.txt'
running build
running build_py
copying my_mujoco_robot/main_simulation.py -> /home/shifei/Downloads/Isaac_sim_assets/moveit_des/build/my_mujoco_robot/build/lib/my_mujoco_robot
copying my_mujoco_robot/test.py -> /home/shifei/Downloads/Isaac_sim_assets/moveit_des/build/my_mujoco_robot/build/lib/my_mujoco_robot
copying my_mujoco_robot/asset_init.py -> /home/shifei/Downloads/Isaac_sim_assets/moveit_des/build/my_mujoco_robot/build/lib/my_mujoco_robot
running install
running install_lib
copying /home/shifei/Downloads/Isaac_sim_assets/moveit_des/build/my_mujoco_robot/build/lib/my_mujoco_robot/main_simulation.py -> /home/shifei/Downloads/Isaac_sim_assets/moveit_des/install/my_mujoco_robot/lib/python3.10/site-packages/my_mujoco_robot
copying /home/shifei/Downloads/Isaac_sim_assets/moveit_des/build/my_mujoco_robot/build/lib/my_mujoco_robot/test.py -> /home/shifei/Downloads/Isaac_sim_assets/moveit_des/install/my_mujoco_robot/lib/python3.10/site-packages/my_mujoco_robot
copying /home/shifei/Downloads/Isaac_sim_assets/moveit_des/build/my_mujoco_robot/build/lib/my_mujoco_robot/asset_init.py -> /home/shifei/Downloads/Isaac_sim_assets/moveit_des/install/my_mujoco_robot/lib/python3.10/site-packages/my_mujoco_robot
byte-compiling /home/shifei/Downloads/Isaac_sim_assets/moveit_des/install/my_mujoco_robot/lib/python3.10/site-packages/my_mujoco_robot/main_simulation.py to main_simulation.cpython-310.pyc
byte-compiling /home/shifei/Downloads/Isaac_sim_assets/moveit_des/install/my_mujoco_robot/lib/python3.10/site-packages/my_mujoco_robot/test.py to test.cpython-310.pyc
byte-compiling /home/shifei/Downloads/Isaac_sim_assets/moveit_des/install/my_mujoco_robot/lib/python3.10/site-packages/my_mujoco_robot/asset_init.py to asset_init.cpython-310.pyc
running install_data
running install_egg_info
removing '/home/shifei/Downloads/Isaac_sim_assets/moveit_des/install/my_mujoco_robot/lib/python3.10/site-packages/my_mujoco_robot-0.0.0-py3.10.egg-info' (and everything under it)
Copying ../../build/my_mujoco_robot/my_mujoco_robot.egg-info to /home/shifei/Downloads/Isaac_sim_assets/moveit_des/install/my_mujoco_robot/lib/python3.10/site-packages/my_mujoco_robot-0.0.0-py3.10.egg-info
running install_scripts
writing list of installed files to '/home/shifei/Downloads/Isaac_sim_assets/moveit_des/build/my_mujoco_robot/install.log'
