[0.493s] Invoking command in '/home/shifei/Downloads/Isaac_sim_assets/moveit_des/src/my_mujoco_robot': CONDA_PROMPT_MODIFIER=(mujoco) PYTHONPATH=/home/shifei/Downloads/Isaac_sim_assets/moveit_des/build/my_mujoco_robot/prefix_override:/usr/lib/python3/dist-packages/colcon_core/task/python/colcon_distutils_commands:/home/shifei/Downloads/Isaac_sim_assets/moveit_des/install/my_mujoco_robot/lib/python3.10/site-packages:${PYTHONPATH} /usr/bin/python3 -W ignore:setup.py install is deprecated -W ignore:easy_install command is deprecated setup.py egg_info --egg-base ../../build/my_mujoco_robot build --build-base /home/shifei/Downloads/Isaac_sim_assets/moveit_des/build/my_mujoco_robot/build install --record /home/shifei/Downloads/Isaac_sim_assets/moveit_des/build/my_mujoco_robot/install.log --single-version-externally-managed install_data
[0.615s] running egg_info
[0.616s] writing ../../build/my_mujoco_robot/my_mujoco_robot.egg-info/PKG-INFO
[0.616s] writing dependency_links to ../../build/my_mujoco_robot/my_mujoco_robot.egg-info/dependency_links.txt
[0.616s] writing entry points to ../../build/my_mujoco_robot/my_mujoco_robot.egg-info/entry_points.txt
[0.616s] writing requirements to ../../build/my_mujoco_robot/my_mujoco_robot.egg-info/requires.txt
[0.616s] writing top-level names to ../../build/my_mujoco_robot/my_mujoco_robot.egg-info/top_level.txt
[0.617s] reading manifest file '../../build/my_mujoco_robot/my_mujoco_robot.egg-info/SOURCES.txt'
[0.617s] writing manifest file '../../build/my_mujoco_robot/my_mujoco_robot.egg-info/SOURCES.txt'
[0.617s] running build
[0.617s] running build_py
[0.617s] copying my_mujoco_robot/main_simulation.py -> /home/shifei/Downloads/Isaac_sim_assets/moveit_des/build/my_mujoco_robot/build/lib/my_mujoco_robot
[0.617s] copying my_mujoco_robot/test.py -> /home/shifei/Downloads/Isaac_sim_assets/moveit_des/build/my_mujoco_robot/build/lib/my_mujoco_robot
[0.617s] copying my_mujoco_robot/asset_init.py -> /home/shifei/Downloads/Isaac_sim_assets/moveit_des/build/my_mujoco_robot/build/lib/my_mujoco_robot
[0.618s] running install
[0.618s] running install_lib
[0.618s] copying /home/shifei/Downloads/Isaac_sim_assets/moveit_des/build/my_mujoco_robot/build/lib/my_mujoco_robot/main_simulation.py -> /home/shifei/Downloads/Isaac_sim_assets/moveit_des/install/my_mujoco_robot/lib/python3.10/site-packages/my_mujoco_robot
[0.618s] copying /home/shifei/Downloads/Isaac_sim_assets/moveit_des/build/my_mujoco_robot/build/lib/my_mujoco_robot/test.py -> /home/shifei/Downloads/Isaac_sim_assets/moveit_des/install/my_mujoco_robot/lib/python3.10/site-packages/my_mujoco_robot
[0.618s] copying /home/shifei/Downloads/Isaac_sim_assets/moveit_des/build/my_mujoco_robot/build/lib/my_mujoco_robot/asset_init.py -> /home/shifei/Downloads/Isaac_sim_assets/moveit_des/install/my_mujoco_robot/lib/python3.10/site-packages/my_mujoco_robot
[0.618s] byte-compiling /home/shifei/Downloads/Isaac_sim_assets/moveit_des/install/my_mujoco_robot/lib/python3.10/site-packages/my_mujoco_robot/main_simulation.py to main_simulation.cpython-310.pyc
[0.619s] byte-compiling /home/shifei/Downloads/Isaac_sim_assets/moveit_des/install/my_mujoco_robot/lib/python3.10/site-packages/my_mujoco_robot/test.py to test.cpython-310.pyc
[0.619s] byte-compiling /home/shifei/Downloads/Isaac_sim_assets/moveit_des/install/my_mujoco_robot/lib/python3.10/site-packages/my_mujoco_robot/asset_init.py to asset_init.cpython-310.pyc
[0.620s] running install_data
[0.620s] running install_egg_info
[0.621s] removing '/home/shifei/Downloads/Isaac_sim_assets/moveit_des/install/my_mujoco_robot/lib/python3.10/site-packages/my_mujoco_robot-0.0.0-py3.10.egg-info' (and everything under it)
[0.621s] Copying ../../build/my_mujoco_robot/my_mujoco_robot.egg-info to /home/shifei/Downloads/Isaac_sim_assets/moveit_des/install/my_mujoco_robot/lib/python3.10/site-packages/my_mujoco_robot-0.0.0-py3.10.egg-info
[0.622s] running install_scripts
[0.633s] writing list of installed files to '/home/shifei/Downloads/Isaac_sim_assets/moveit_des/build/my_mujoco_robot/install.log'
[0.649s] Invoked command in '/home/shifei/Downloads/Isaac_sim_assets/moveit_des/src/my_mujoco_robot' returned '0': CONDA_PROMPT_MODIFIER=(mujoco) PYTHONPATH=/home/shifei/Downloads/Isaac_sim_assets/moveit_des/build/my_mujoco_robot/prefix_override:/usr/lib/python3/dist-packages/colcon_core/task/python/colcon_distutils_commands:/home/shifei/Downloads/Isaac_sim_assets/moveit_des/install/my_mujoco_robot/lib/python3.10/site-packages:${PYTHONPATH} /usr/bin/python3 -W ignore:setup.py install is deprecated -W ignore:easy_install command is deprecated setup.py egg_info --egg-base ../../build/my_mujoco_robot build --build-base /home/shifei/Downloads/Isaac_sim_assets/moveit_des/build/my_mujoco_robot/build install --record /home/shifei/Downloads/Isaac_sim_assets/moveit_des/build/my_mujoco_robot/install.log --single-version-externally-managed install_data
